Searching for include files...
Searching for example files...
Searching for images...
Searching for dot files...
Searching for msc files...
Searching for files to exclude
Searching for files to process...
Searching for files in directory /home/travis/build/cheako/ihlt/src
Reading and parsing tag files
Preprocessing /home/travis/build/cheako/ihlt/src/accounting.c...
Parsing file /home/travis/build/cheako/ihlt/src/accounting.c...
Preprocessing /home/travis/build/cheako/ihlt/src/accounting.h...
Parsing file /home/travis/build/cheako/ihlt/src/accounting.h...
Preprocessing /home/travis/build/cheako/ihlt/src/BaseLookup.c...
Parsing file /home/travis/build/cheako/ihlt/src/BaseLookup.c...
Preprocessing /home/travis/build/cheako/ihlt/src/BaseLookup.h...
Parsing file /home/travis/build/cheako/ihlt/src/BaseLookup.h...
Preprocessing /home/travis/build/cheako/ihlt/src/cdecode.c...
Parsing file /home/travis/build/cheako/ihlt/src/cdecode.c...
Preprocessing /home/travis/build/cheako/ihlt/src/cdecode.h...
Parsing file /home/travis/build/cheako/ihlt/src/cdecode.h...
Preprocessing /home/travis/build/cheako/ihlt/src/cencode.c...
Parsing file /home/travis/build/cheako/ihlt/src/cencode.c...
Preprocessing /home/travis/build/cheako/ihlt/src/cencode.h...
Parsing file /home/travis/build/cheako/ihlt/src/cencode.h...
Preprocessing /home/travis/build/cheako/ihlt/src/channel_commands.c...
Parsing file /home/travis/build/cheako/ihlt/src/channel_commands.c...
Preprocessing /home/travis/build/cheako/ihlt/src/channel_commands.h...
Parsing file /home/travis/build/cheako/ihlt/src/channel_commands.h...
Preprocessing /home/travis/build/cheako/ihlt/src/ConnectionsDoublyLinkedList.c...
Parsing file /home/travis/build/cheako/ihlt/src/ConnectionsDoublyLinkedList.c...
Preprocessing /home/travis/build/cheako/ihlt/src/ConnectionsDoublyLinkedList.h...
Parsing file /home/travis/build/cheako/ihlt/src/ConnectionsDoublyLinkedList.h...
Preprocessing /home/travis/build/cheako/ihlt/src/ihlt.c...
Parsing file /home/travis/build/cheako/ihlt/src/ihlt.c...
Preprocessing /home/travis/build/cheako/ihlt/src/protocol.c...
Parsing file /home/travis/build/cheako/ihlt/src/protocol.c...
Preprocessing /home/travis/build/cheako/ihlt/src/protocol.h...
Parsing file /home/travis/build/cheako/ihlt/src/protocol.h...
Preprocessing /home/travis/build/cheako/ihlt/src/relay_commands.c...
Parsing file /home/travis/build/cheako/ihlt/src/relay_commands.c...
Preprocessing /home/travis/build/cheako/ihlt/src/relay_commands.h...
Parsing file /home/travis/build/cheako/ihlt/src/relay_commands.h...
Preprocessing /home/travis/build/cheako/ihlt/src/server.c...
Parsing file /home/travis/build/cheako/ihlt/src/server.c...
Preprocessing /home/travis/build/cheako/ihlt/src/server.h...
Parsing file /home/travis/build/cheako/ihlt/src/server.h...
Preprocessing /home/travis/build/cheako/ihlt/src/storage_commands.c...
Parsing file /home/travis/build/cheako/ihlt/src/storage_commands.c...
Preprocessing /home/travis/build/cheako/ihlt/src/storage_commands.h...
Parsing file /home/travis/build/cheako/ihlt/src/storage_commands.h...
Building group list...
Building directory list...
Building namespace list...
Building file list...
Building class list...
Associating documentation with classes...
Computing nesting relations for classes...
Building example list...
Searching for enumerations...
Searching for documented typedefs...
Searching for members imported via using declarations...
Searching for included using directives...
Searching for documented variables...
Building member list...
Searching for friends...
Searching for documented defines...
Computing class inheritance relations...
Computing class usage relations...
Flushing cached template relations that have become invalid...
Creating members for template instances...
Computing class relations...
Add enum values to enums...
Searching for member function documentation...
Building page list...
Search for main page...
Computing page relations...
Determining the scope of groups...
Sorting lists...
Freeing entry tree
Determining which enums are documented
Computing member relations...
Building full member lists recursively...
Adding members to member groups.
Computing member references...
Inheriting documentation...
Generating disk names...
Adding source references...
Adding xrefitems...
Sorting member lists...
Generating citations page...
Counting data structures...
Resolving user defined references...
Finding anchors and sections in the documentation...
Combining using relations...
Adding members to index pages...
Generating style sheet...
Generating search indices...
Generating example documentation...
Generating file sources...
Generating code for file src/accounting.h...
Generating code for file src/BaseLookup.h...
Generating code for file src/cdecode.h...
Generating code for file src/cencode.h...
Generating code for file src/channel_commands.h...
Generating code for file src/ConnectionsDoublyLinkedList.h...
Generating code for file src/protocol.h...
Generating code for file src/relay_commands.h...
Generating code for file src/server.h...
Generating code for file src/storage_commands.h...
Generating file documentation...
Generating docs for file src/accounting.c...
Generating docs for file src/accounting.h...
Generating docs for file src/BaseLookup.c...
Generating docs for file src/BaseLookup.h...
Generating docs for file src/cdecode.c...
Generating docs for file src/cdecode.h...
Generating docs for file src/cencode.c...
Generating docs for file src/cencode.h...
Generating docs for file src/channel_commands.c...
Generating docs for file src/channel_commands.h...
Generating docs for file src/ConnectionsDoublyLinkedList.c...
Generating docs for file src/ConnectionsDoublyLinkedList.h...
Generating docs for file src/ihlt.c...
Generating docs for file src/protocol.c...
Generating docs for file src/protocol.h...
Generating docs for file src/relay_commands.c...
Generating docs for file src/relay_commands.h...
Generating docs for file src/server.c...
Generating docs for file src/server.h...
Generating docs for file src/storage_commands.c...
Generating docs for file src/storage_commands.h...
Generating page documentation...
Generating group documentation...
Generating class documentation...
Generating docs for compound Base...
Generating docs for compound base64_decodestate...
Generating docs for compound base64_encodestate...
Generating docs for compound BaseFind...
Generating docs for nested compound BaseFind::BaseSeeker...
Generating docs for compound BaseTable...
Generating docs for compound channel_data...
Generating docs for compound channel_handler...
Generating docs for compound client_function...
Generating docs for compound ConnectionNode...
Generating docs for nested compound ConnectionNode::ConnectionNodeHandler...
Generating docs for compound index...
Generating docs for compound ListenerOptions...
Generating docs for compound ProccessInputHandler...
Generating docs for compound token_faucet...
Generating namespace index...
Generating graph info page...
Generating index page...
Generating page index...
Generating module index...
Generating namespace index...
Generating namespace member index...
Generating annotated compound index...
Generating alphabetical compound index...
Generating hierarchical class index...
Generating member index...
Generating file index...
Generating file member index...
Generating example index...
finalizing index lists...
symbol cache used 155/65536 hits=6337 misses=155
lookup cache used 184/65536 hits=675 misses=198
finished...
